  ofApp.cpp
D:\Ztest\of_v0.10.1_vs2017_release (1)\of_v0.10.1_vs2017_release\libs\openFrameworks\math\ofVec3f.h(1,1): warning C4819: 该文件包含不能在当前代码页(936)中表示的字符。请将该文件保存为 Unicode 格式以防止数据丢失
D:\Ztest\of_v0.10.1_vs2017_release (1)\of_v0.10.1_vs2017_release\libs\openFrameworks\math\ofVec2f.h(1,1): warning C4819: 该文件包含不能在当前代码页(936)中表示的字符。请将该文件保存为 Unicode 格式以防止数据丢失
D:\Ztest\of_v0.10.1_vs2017_release (1)\of_v0.10.1_vs2017_release\libs\openFrameworks\math\ofMatrix4x4.h(326,1): warning C4267: “参数”: 从“size_t”转换到“int”，可能丢失数据
D:\Ztest\of_v0.10.1_vs2017_release (1)\of_v0.10.1_vs2017_release\libs\openFrameworks\math\ofMatrix4x4.h(331,1): warning C4267: “参数”: 从“size_t”转换到“int”，可能丢失数据
D:\Ztest\of_v0.10.1_vs2017_release (1)\of_v0.10.1_vs2017_release\libs\openFrameworks\math\ofMatrix4x4.h(912,12): warning C4267: “参数”: 从“size_t”转换到“int”，可能丢失数据
D:\Ztest\of_v0.10.1_vs2017_release (1)\of_v0.10.1_vs2017_release\libs\openFrameworks\math\ofMatrix4x4.h(913,12): warning C4267: “参数”: 从“size_t”转换到“int”，可能丢失数据
D:\Ztest\of_v0.10.1_vs2017_release (1)\of_v0.10.1_vs2017_release\libs\openFrameworks\math\ofMatrix4x4.h(914,12): warning C4267: “参数”: 从“size_t”转换到“int”，可能丢失数据
D:\Ztest\of_v0.10.1_vs2017_release (1)\of_v0.10.1_vs2017_release\libs\openFrameworks\math\ofMatrix4x4.h(915,12): warning C4267: “参数”: 从“size_t”转换到“int”，可能丢失数据
D:\Ztest\of_v0.10.1_vs2017_release (1)\of_v0.10.1_vs2017_release\addons\ofxOpenCv\libs\opencv\include\opencv2\core\mat.hpp(1965,1): warning C4819: 该文件包含不能在当前代码页(936)中表示的字符。请将该文件保存为 Unicode 格式以防止数据丢失
D:\Ztest\of_v0.10.1_vs2017_release (1)\of_v0.10.1_vs2017_release\addons\ofxOpenCv\libs\opencv\include\opencv2\core\persistence.hpp(1,1): warning C4819: 该文件包含不能在当前代码页(936)中表示的字符。请将该文件保存为 Unicode 格式以防止数据丢失
D:\Ztest\of_v0.10.1_vs2017_release (1)\of_v0.10.1_vs2017_release\addons\ofxOpenCv\libs\opencv\include\opencv2\core\utility.hpp(1,1): warning C4819: 该文件包含不能在当前代码页(936)中表示的字符。请将该文件保存为 Unicode 格式以防止数据丢失
D:\Ztest\of_v0.10.1_vs2017_release (1)\of_v0.10.1_vs2017_release\examples\3d\cameraLensOffsetExample\src\ofApp.cpp(224,20): warning C4018: “<”: 有符号/无符号不匹配
D:\Ztest\of_v0.10.1_vs2017_release (1)\of_v0.10.1_vs2017_release\addons\ofxCv\libs\ofxCv\include\ofxCv\Tracker.h(168,1): warning C4267: “初始化”: 从“size_t”转换到“int”，可能丢失数据
D:\Ztest\of_v0.10.1_vs2017_release (1)\of_v0.10.1_vs2017_release\addons\ofxCv\libs\ofxCv\include\ofxCv\Tracker.h(166): message : 在编译 类 模板 成员函数“const std::vector<GLuint,std::allocator<GLuint>> &ofxCv::Tracker<cv::Rect>::track(const std::vector<cv::Rect,std::allocator<cv::Rect>> &)”时
D:\Ztest\of_v0.10.1_vs2017_release (1)\of_v0.10.1_vs2017_release\addons\ofxCv\libs\ofxCv\include\ofxCv\Tracker.h(324): message : 查看对正在编译的函数 模板 实例化“const std::vector<GLuint,std::allocator<GLuint>> &ofxCv::Tracker<cv::Rect>::track(const std::vector<cv::Rect,std::allocator<cv::Rect>> &)”的引用
D:\Ztest\of_v0.10.1_vs2017_release (1)\of_v0.10.1_vs2017_release\addons\ofxCv\libs\ofxCv\include\ofxCv\Tracker.h(309): message : 查看对正在编译的 类 模板 实例化“ofxCv::Tracker<cv::Rect>”的引用
D:\Ztest\of_v0.10.1_vs2017_release (1)\of_v0.10.1_vs2017_release\addons\ofxCv\libs\ofxCv\include\ofxCv\Tracker.h(169,1): warning C4267: “初始化”: 从“size_t”转换到“int”，可能丢失数据
D:\Ztest\of_v0.10.1_vs2017_release (1)\of_v0.10.1_vs2017_release\addons\ofxCv\libs\ofxCv\include\ofxCv\Tracker.h(202,1): warning C4267: “初始化”: 从“size_t”转换到“int”，可能丢失数据
D:\Ztest\of_v0.10.1_vs2017_release (1)\of_v0.10.1_vs2017_release\addons\ofxCv\libs\ofxCv\include\ofxCv\Tracker.h(214,1): warning C4267: “初始化”: 从“size_t”转换到“int”，可能丢失数据
D:\Ztest\of_v0.10.1_vs2017_release (1)\of_v0.10.1_vs2017_release\addons\ofxCv\libs\ofxCv\include\ofxCv\Utilities.h(245,1): warning C4267: “参数”: 从“size_t”转换到“int”，可能丢失数据
D:\Ztest\of_v0.10.1_vs2017_release (1)\of_v0.10.1_vs2017_release\addons\ofxCv\libs\ofxCv\include\ofxCv\Utilities.h(253): message : 查看对正在编译的函数 模板 实例化“cv::Mat ofxCv::toCv<unsigned char>(ofPixels_<unsigned char> &)”的引用
D:\Ztest\of_v0.10.1_vs2017_release (1)\of_v0.10.1_vs2017_release\addons\ofxCv\libs\ofxCv\include\ofxCv\ObjectFinder.h(35): message : 查看对正在编译的函数 模板 实例化“cv::Mat ofxCv::toCv<unsigned char>(ofBaseHasPixels_<unsigned char> &)”的引用
D:\Ztest\of_v0.10.1_vs2017_release (1)\of_v0.10.1_vs2017_release\examples\3d\cameraLensOffsetExample\src\ofApp.cpp(74): message : 查看对正在编译的函数 模板 实例化“void ofxCv::ObjectFinder::update<ofVideoGrabber>(T &)”的引用
          with
          [
              T=ofVideoGrabber
          ]
D:\Ztest\of_v0.10.1_vs2017_release (1)\of_v0.10.1_vs2017_release\addons\ofxCv\libs\ofxCv\include\ofxCv\Utilities.h(130,1): warning C4267: “return”: 从“size_t”转换到“int”，可能丢失数据
D:\Ztest\of_v0.10.1_vs2017_release (1)\of_v0.10.1_vs2017_release\addons\ofxCv\libs\ofxCv\include\ofxCv\Utilities.h(144): message : 查看对正在编译的函数 模板 实例化“int ofxCv::getChannels<unsigned char>(const ofPixels_<unsigned char> &)”的引用
D:\Ztest\of_v0.10.1_vs2017_release (1)\of_v0.10.1_vs2017_release\addons\ofxCv\libs\ofxCv\include\ofxCv\Utilities.h(245): message : 查看对正在编译的函数 模板 实例化“int ofxCv::getCvImageType<ofPixels_<unsigned char>>(const T &)”的引用
          with
          [
              T=ofPixels_<unsigned char>
          ]
D:\Ztest\of_v0.10.1_vs2017_release (1)\of_v0.10.1_vs2017_release\addons\ofxCv\libs\ofxCv\include\ofxCv\Utilities.h(253): message : 查看对正在编译的函数 模板 实例化“cv::Mat ofxCv::toCv<unsigned char>(ofPixels_<unsigned char> &)”的引用
  cameraLensOffsetExample.vcxproj -> D:\Ztest\of_v0.10.1_vs2017_release (1)\of_v0.10.1_vs2017_release\examples\3d\cameraLensOffsetExample\bin\cameraLensOffsetExample_debug.exe
  
  	                   2	D:\Ztest\of_v0.10.1_vs2017_release (1)\of_v0.10.1_vs2017_release\libs\fmodex\lib\vs\x64\
  	  *多余文件   		 3506176	D:\Ztest\of_v0.10.1_vs2017_release (1)\of_v0.10.1_vs2017_release\examples\3d\cameraLensOffsetExample\bin\assimp32.dll
  	  *多余文件   		 4244992	D:\Ztest\of_v0.10.1_vs2017_release (1)\of_v0.10.1_vs2017_release\examples\3d\cameraLensOffsetExample\bin\assimp64.dll
  	  *多余文件   		 6942208	D:\Ztest\of_v0.10.1_vs2017_release (1)\of_v0.10.1_vs2017_release\examples\3d\cameraLensOffsetExample\bin\FreeImage.dll
  
  	                   1	D:\Ztest\of_v0.10.1_vs2017_release (1)\of_v0.10.1_vs2017_release\libs\FreeImage\lib\vs\x64\
  	  *多余文件   		 3506176	D:\Ztest\of_v0.10.1_vs2017_release (1)\of_v0.10.1_vs2017_release\examples\3d\cameraLensOffsetExample\bin\assimp32.dll
  	  *多余文件   		 4244992	D:\Ztest\of_v0.10.1_vs2017_release (1)\of_v0.10.1_vs2017_release\examples\3d\cameraLensOffsetExample\bin\assimp64.dll
  	  *多余文件   		 1503232	D:\Ztest\of_v0.10.1_vs2017_release (1)\of_v0.10.1_vs2017_release\examples\3d\cameraLensOffsetExample\bin\fmodex64.dll
  	  *多余文件   		 1552384	D:\Ztest\of_v0.10.1_vs2017_release (1)\of_v0.10.1_vs2017_release\examples\3d\cameraLensOffsetExample\bin\fmodexL64.dll
